{
  "stats": {
    "suites": 1,
    "tests": 1,
    "passes": 0,
    "pending": 0,
    "failures": 1,
    "start": "2024-06-18T06:31:12.528Z",
    "end": "2024-06-18T06:32:19.249Z",
    "duration": 66721,
    "testsRegistered": 1,
    "passPercent": 0,
    "pendingPercent": 0,
    "other": 0,
    "hasOther": false,
    "skipped": 0,
    "hasSkipped": false
  },
  "results": [
    {
      "uuid": "0581236e-abba-4e15-b15f-06dbd196b935",
      "title": "",
      "fullFile": "cypress\\e2e\\products\\domestic\\runnerMobileView.cy.ts",
      "file": "cypress\\e2e\\products\\domestic\\runnerMobileView.cy.ts",
      "beforeHooks": [],
      "afterHooks": [],
      "tests": [],
      "suites": [
        {
          "uuid": "685aa115-c065-47be-9d3f-a62629019777",
          "title": "Domestic Flight",
          "fullFile": "",
          "file": "",
          "beforeHooks": [],
          "afterHooks": [],
          "tests": [
            {
              "title": "Scenario #1: Sale And Refund With Charge The Account",
              "fullTitle": "Domestic Flight Scenario #1: Sale And Refund With Charge The Account",
              "timedOut": null,
              "duration": 62689,
              "state": "failed",
              "speed": null,
              "pass": false,
              "fail": true,
              "pending": false,
              "context": null,
              "code": "(0,_functions__WEBPACK_IMPORTED_MODULE_2__.saleType)('mobile', false);",
              "err": {
                "message": "AssertionError: Timed out retrying after 60000ms: Expected to find element: `[data-test=\"account\"]`, but never found it.",
                "estack": "AssertionError: Timed out retrying after 60000ms: Expected to find element: `[data-test=\"account\"]`, but never found it.\n    at login (webpack://cypress/./cypress/e2e/general/login.ts:18:0)\n    at signIn (webpack://cypress/./cypress/e2e/general/homePage.ts:9:9)\n    at saleType (webpack://cypress/./cypress/e2e/products/domestic/functions.ts:6:10)\n    at Context.eval (webpack://cypress/./cypress/e2e/products/domestic/runnerMobileView.cy.ts:18:16)",
                "diff": null
              },
              "uuid": "37245667-3df2-4961-bb1a-cb5762e385b8",
              "parentUUID": "685aa115-c065-47be-9d3f-a62629019777",
              "isHook": false,
              "skipped": false
            }
          ],
          "suites": [],
          "passes": [],
          "failures": [
            "37245667-3df2-4961-bb1a-cb5762e385b8"
          ],
          "pending": [],
          "skipped": [],
          "duration": 62689,
          "root": false,
          "rootEmpty": false,
          "_timeout": 2000
        }
      ],
      "passes": [],
      "failures": [],
      "pending": [],
      "skipped": [],
      "duration": 0,
      "root": true,
      "rootEmpty": true,
      "_timeout": 2000
    }
  ],
  "meta": {
    "mocha": {
      "version": "7.0.1"
    },
    "mochawesome": {
      "options": {
        "quiet": false,
        "reportFilename": "mochawesome",
        "saveHtml": true,
        "saveJson": true,
        "consoleReporter": "spec",
        "useInlineDiffs": false,
        "code": true
      },
      "version": "7.1.3"
    },
    "marge": {
      "options": {
        "reportDir": "cypress/reports/mochawesome",
        "overwrite": false,
        "html": true,
        "json": true
      },
      "version": "6.2.0"
    }
  }
}